mode: set
redis-from-scratch/main.go:17.13,21.16 3 0
redis-from-scratch/main.go:21.16,23.3 1 0
redis-from-scratch/main.go:25.2,26.16 2 0
redis-from-scratch/main.go:26.16,27.13 1 0
redis-from-scratch/main.go:30.2,41.16 6 0
redis-from-scratch/main.go:41.16,43.3 1 0
redis-from-scratch/main.go:46.50,52.2 4 0
redis-from-scratch/main.go:54.38,55.32 1 0
redis-from-scratch/main.go:56.15,57.42 1 0
redis-from-scratch/main.go:58.14,59.41 1 0
redis-from-scratch/main.go:60.15,61.42 1 0
redis-from-scratch/main.go:62.14,63.41 1 0
redis-from-scratch/main.go:64.10,65.41 1 0
redis-from-scratch/internal/kvs.go:15.44,19.2 1 0
redis-from-scratch/internal/kvs.go:21.57,27.2 4 0
redis-from-scratch/internal/kvs.go:29.60,34.9 4 0
redis-from-scratch/internal/kvs.go:34.9,36.3 1 0
redis-from-scratch/internal/kvs.go:38.2,38.18 1 0
redis-from-scratch/internal/peer.go:15.35,19.2 1 0
redis-from-scratch/internal/peer.go:22.49,25.6 2 0
redis-from-scratch/internal/peer.go:25.6,27.34 2 0
redis-from-scratch/internal/peer.go:27.34,31.4 3 0
redis-from-scratch/internal/peer.go:33.3,33.17 1 0
redis-from-scratch/internal/peer.go:33.17,36.4 2 0
redis-from-scratch/internal/peer.go:38.3,40.26 3 0
redis-from-scratch/internal/peer.go:44.46,48.16 3 0
redis-from-scratch/internal/peer.go:48.16,50.3 1 0
redis-from-scratch/internal/peer.go:52.2,53.15 2 0
redis-from-scratch/internal/peer.go:56.56,63.2 5 0
redis-from-scratch/internal/proto.go:21.54,25.6 3 0
redis-from-scratch/internal/proto.go:25.6,28.41 2 0
redis-from-scratch/internal/proto.go:28.41,30.4 1 0
redis-from-scratch/internal/proto.go:32.3,32.17 1 0
redis-from-scratch/internal/proto.go:32.17,34.14 2 0
redis-from-scratch/internal/proto.go:37.3,37.33 1 0
redis-from-scratch/internal/proto.go:37.33,39.25 2 0
redis-from-scratch/internal/proto.go:40.20,44.11 1 0
redis-from-scratch/internal/proto.go:45.20,48.11 1 0
redis-from-scratch/internal/proto.go:49.22,52.11 1 0
redis-from-scratch/internal/proto.go:53.23,56.11 1 0
redis-from-scratch/internal/proto.go:57.21,60.11 1 0
redis-from-scratch/internal/proto.go:61.12,62.95 1 0
redis-from-scratch/internal/proto.go:66.3,66.38 1 0
redis-from-scratch/internal/proto.go:66.38,67.43 1 0
redis-from-scratch/internal/proto.go:68.21,69.30 1 0
redis-from-scratch/internal/proto.go:70.12,71.95 1 0
redis-from-scratch/internal/proto.go:77.39,81.16 4 0
redis-from-scratch/internal/proto.go:81.16,83.3 1 0
redis-from-scratch/internal/proto.go:85.2,85.25 1 0
redis-from-scratch/internal/proto.go:88.52,92.16 4 0
redis-from-scratch/internal/proto.go:92.16,94.3 1 0
redis-from-scratch/internal/proto.go:96.2,96.25 1 0
redis-from-scratch/internal/proto.go:99.51,104.24 4 0
redis-from-scratch/internal/proto.go:104.24,107.3 2 0
redis-from-scratch/internal/proto.go:109.2,109.20 1 0
redis-from-scratch/server/server.go:28.36,29.26 1 0
redis-from-scratch/server/server.go:29.26,31.3 1 0
redis-from-scratch/server/server.go:33.2,37.3 1 0
redis-from-scratch/server/server.go:40.51,42.16 2 0
redis-from-scratch/server/server.go:42.16,45.3 2 0
redis-from-scratch/server/server.go:46.2,49.34 3 0
redis-from-scratch/server/server.go:52.48,53.6 1 0
redis-from-scratch/server/server.go:53.6,55.17 2 0
redis-from-scratch/server/server.go:55.17,57.12 2 0
redis-from-scratch/server/server.go:59.3,59.24 1 0
redis-from-scratch/server/server.go:63.44,74.6 7 0
redis-from-scratch/server/server.go:74.6,75.10 1 0
redis-from-scratch/server/server.go:76.38,77.11 1 0
redis-from-scratch/server/server.go:77.11,79.16 2 0
redis-from-scratch/server/server.go:82.4,83.18 2 0
redis-from-scratch/server/server.go:83.18,86.5 2 0
redis-from-scratch/server/server.go:88.4,88.49 1 0
redis-from-scratch/server/server.go:88.49,91.5 2 0
redis-from-scratch/server/server.go:96.44,101.2 3 0
redis-from-scratch/server/server.go:103.47,107.2 3 0
redis-from-scratch/server/server.go:109.32,110.25 1 0
redis-from-scratch/server/server.go:110.25,112.3 1 0
redis-from-scratch/server/server.go:114.2,114.21 1 0
redis-from-scratch/server/server.go:117.77,119.16 2 0
redis-from-scratch/server/server.go:119.16,121.3 1 0
redis-from-scratch/server/server.go:122.2,122.37 1 0
redis-from-scratch/server/server.go:123.27,124.53 1 0
redis-from-scratch/server/server.go:124.53,126.4 1 0
redis-from-scratch/server/server.go:128.3,129.17 2 0
redis-from-scratch/server/server.go:129.17,131.4 1 0
redis-from-scratch/server/server.go:133.3,133.23 1 0
redis-from-scratch/server/server.go:135.27,139.63 2 0
redis-from-scratch/server/server.go:139.63,142.4 2 0
redis-from-scratch/server/server.go:144.3,144.49 1 0
redis-from-scratch/server/server.go:146.28,147.44 1 0
redis-from-scratch/server/server.go:149.29,153.44 2 0
redis-from-scratch/server/server.go:155.30,156.42 1 0
redis-from-scratch/server/server.go:158.28,159.47 1 0
redis-from-scratch/server/server.go:161.10,162.59 1 0
redis-from-scratch/main.go:17.13,21.16 3 0
redis-from-scratch/main.go:21.16,23.3 1 0
redis-from-scratch/main.go:25.2,26.16 2 0
redis-from-scratch/main.go:26.16,27.13 1 0
redis-from-scratch/main.go:30.2,41.16 6 0
redis-from-scratch/main.go:41.16,43.3 1 0
redis-from-scratch/main.go:46.50,52.2 4 0
redis-from-scratch/main.go:54.38,55.32 1 0
redis-from-scratch/main.go:56.15,57.42 1 0
redis-from-scratch/main.go:58.14,59.41 1 0
redis-from-scratch/main.go:60.15,61.42 1 0
redis-from-scratch/main.go:62.14,63.41 1 0
redis-from-scratch/main.go:64.10,65.41 1 0
redis-from-scratch/internal/kvs.go:15.44,19.2 1 1
redis-from-scratch/internal/kvs.go:21.57,27.2 4 1
redis-from-scratch/internal/kvs.go:29.60,34.9 4 1
redis-from-scratch/internal/kvs.go:34.9,36.3 1 1
redis-from-scratch/internal/kvs.go:38.2,38.18 1 1
redis-from-scratch/internal/peer.go:15.35,19.2 1 1
redis-from-scratch/internal/peer.go:22.49,25.6 2 1
redis-from-scratch/internal/peer.go:25.6,27.34 2 1
redis-from-scratch/internal/peer.go:27.34,31.4 3 1
redis-from-scratch/internal/peer.go:33.3,33.17 1 1
redis-from-scratch/internal/peer.go:33.17,36.4 2 0
redis-from-scratch/internal/peer.go:38.3,40.26 3 1
redis-from-scratch/internal/peer.go:44.46,48.16 3 1
redis-from-scratch/internal/peer.go:48.16,50.3 1 0
redis-from-scratch/internal/peer.go:52.2,53.15 2 1
redis-from-scratch/internal/peer.go:56.56,63.2 5 1
redis-from-scratch/internal/proto.go:21.54,25.6 3 1
redis-from-scratch/internal/proto.go:25.6,28.41 2 1
redis-from-scratch/internal/proto.go:28.41,30.4 1 0
redis-from-scratch/internal/proto.go:32.3,32.17 1 1
redis-from-scratch/internal/proto.go:32.17,34.14 2 0
redis-from-scratch/internal/proto.go:37.3,37.33 1 1
redis-from-scratch/internal/proto.go:37.33,39.25 2 1
redis-from-scratch/internal/proto.go:40.20,44.11 1 1
redis-from-scratch/internal/proto.go:45.20,48.11 1 1
redis-from-scratch/internal/proto.go:49.22,52.11 1 1
redis-from-scratch/internal/proto.go:53.23,56.11 1 1
redis-from-scratch/internal/proto.go:57.21,60.11 1 1
redis-from-scratch/internal/proto.go:61.12,62.95 1 0
redis-from-scratch/internal/proto.go:66.3,66.38 1 0
redis-from-scratch/internal/proto.go:66.38,67.43 1 0
redis-from-scratch/internal/proto.go:68.21,69.30 1 0
redis-from-scratch/internal/proto.go:70.12,71.95 1 0
redis-from-scratch/internal/proto.go:77.39,81.16 4 1
redis-from-scratch/internal/proto.go:81.16,83.3 1 0
redis-from-scratch/internal/proto.go:85.2,85.25 1 1
redis-from-scratch/internal/proto.go:88.52,92.16 4 1
redis-from-scratch/internal/proto.go:92.16,94.3 1 0
redis-from-scratch/internal/proto.go:96.2,96.25 1 1
redis-from-scratch/internal/proto.go:99.51,104.24 4 1
redis-from-scratch/internal/proto.go:104.24,107.3 2 1
redis-from-scratch/internal/proto.go:109.2,109.20 1 1
redis-from-scratch/server/server.go:28.36,29.26 1 1
redis-from-scratch/server/server.go:29.26,31.3 1 0
redis-from-scratch/server/server.go:33.2,37.3 1 1
redis-from-scratch/server/server.go:40.51,42.16 2 1
redis-from-scratch/server/server.go:42.16,45.3 2 0
redis-from-scratch/server/server.go:46.2,49.34 3 1
redis-from-scratch/server/server.go:52.48,53.6 1 1
redis-from-scratch/server/server.go:53.6,55.17 2 1
redis-from-scratch/server/server.go:55.17,57.12 2 0
redis-from-scratch/server/server.go:59.3,59.24 1 1
redis-from-scratch/server/server.go:63.44,74.6 7 1
redis-from-scratch/server/server.go:74.6,75.10 1 1
redis-from-scratch/server/server.go:76.38,77.11 1 1
redis-from-scratch/server/server.go:77.11,79.16 2 1
redis-from-scratch/server/server.go:82.4,83.18 2 1
redis-from-scratch/server/server.go:83.18,86.5 2 0
redis-from-scratch/server/server.go:88.4,88.49 1 1
redis-from-scratch/server/server.go:88.49,91.5 2 0
redis-from-scratch/server/server.go:96.44,101.2 3 1
redis-from-scratch/server/server.go:103.47,107.2 3 1
redis-from-scratch/server/server.go:109.32,110.25 1 0
redis-from-scratch/server/server.go:110.25,112.3 1 0
redis-from-scratch/server/server.go:114.2,114.21 1 0
redis-from-scratch/server/server.go:117.77,119.16 2 1
redis-from-scratch/server/server.go:119.16,121.3 1 0
redis-from-scratch/server/server.go:122.2,122.37 1 1
redis-from-scratch/server/server.go:123.27,124.53 1 1
redis-from-scratch/server/server.go:124.53,126.4 1 0
redis-from-scratch/server/server.go:128.3,129.17 2 1
redis-from-scratch/server/server.go:129.17,131.4 1 0
redis-from-scratch/server/server.go:133.3,133.23 1 1
redis-from-scratch/server/server.go:135.27,139.63 2 1
redis-from-scratch/server/server.go:139.63,142.4 2 1
redis-from-scratch/server/server.go:144.3,144.49 1 1
redis-from-scratch/server/server.go:146.28,147.44 1 0
redis-from-scratch/server/server.go:149.29,153.44 2 1
redis-from-scratch/server/server.go:155.30,156.42 1 1
redis-from-scratch/server/server.go:158.28,159.47 1 1
redis-from-scratch/server/server.go:161.10,162.59 1 0
